[2023-01-14 00:03:06,356] INFO [Controller id=0] Processing automatic preferred replica leader election (kafka.controller.KafkaController)
[2023-01-14 00:03:06,368] TRACE [Controller id=0] Checking need to trigger auto leader balancing (kafka.controller.KafkaController)
[2023-01-14 00:03:06,368] DEBUG [Controller id=0] Topics not in preferred replica for broker 0 Map() (kafka.controller.KafkaController)
[2023-01-14 00:03:06,369] TRACE [Controller id=0] Leader imbalance ratio for broker 0 is 0.0 (kafka.controller.KafkaController)
[2023-01-14 00:05:41,415] INFO [Controller id=0] Shutting down broker 0 (kafka.controller.KafkaController)
[2023-01-14 00:05:41,416] DEBUG [Controller id=0] All shutting down brokers: 0 (kafka.controller.KafkaController)
[2023-01-14 00:05:41,418] DEBUG [Controller id=0] Live brokers:  (kafka.controller.KafkaController)
[2023-01-14 00:05:41,447] TRACE [Controller id=0] All leaders = server-0 -> (Leader:0,ISR:0,LeaderRecoveryState:RECOVERED,LeaderEpoch:0,ZkVersion:0,ControllerEpoch:1),client-0 -> (Leader:0,ISR:0,LeaderRecoveryState:RECOVERED,LeaderEpoch:0,ZkVersion:0,ControllerEpoch:5) (kafka.controller.KafkaController)
[2023-01-14 00:05:41,659] INFO [ControllerEventThread controllerId=0] Shutting down (kafka.controller.ControllerEventManager$ControllerEventThread)
[2023-01-14 00:05:41,660] INFO [ControllerEventThread controllerId=0] Shutdown completed (kafka.controller.ControllerEventManager$ControllerEventThread)
[2023-01-14 00:05:41,660] INFO [ControllerEventThread controllerId=0] Stopped (kafka.controller.ControllerEventManager$ControllerEventThread)
[2023-01-14 00:05:41,662] DEBUG [Controller id=0] Resigning (kafka.controller.KafkaController)
[2023-01-14 00:05:41,662] DEBUG [Controller id=0] Unregister BrokerModifications handler for Set(0) (kafka.controller.KafkaController)
[2023-01-14 00:05:41,664] INFO [PartitionStateMachine controllerId=0] Stopped partition state machine (kafka.controller.ZkPartitionStateMachine)
[2023-01-14 00:05:41,666] INFO [ReplicaStateMachine controllerId=0] Stopped replica state machine (kafka.controller.ZkReplicaStateMachine)
[2023-01-14 00:05:41,668] INFO [RequestSendThread controllerId=0] Shutting down (kafka.controller.RequestSendThread)
[2023-01-14 00:05:41,669] INFO [RequestSendThread controllerId=0] Shutdown completed (kafka.controller.RequestSendThread)
[2023-01-14 00:05:41,669] INFO [RequestSendThread controllerId=0] Stopped (kafka.controller.RequestSendThread)
[2023-01-14 00:05:41,672] INFO [Controller id=0] Resigned (kafka.controller.KafkaController)
[2023-01-14 00:18:25,209] INFO [ControllerEventThread controllerId=0] Starting (kafka.controller.ControllerEventManager$ControllerEventThread)
[2023-01-14 00:18:25,268] INFO [Controller id=0] 0 successfully elected as the controller. Epoch incremented to 8 and epoch zk version is now 8 (kafka.controller.KafkaController)
[2023-01-14 00:18:25,271] INFO [Controller id=0] Registering handlers (kafka.controller.KafkaController)
[2023-01-14 00:18:25,278] INFO [Controller id=0] Deleting log dir event notifications (kafka.controller.KafkaController)
[2023-01-14 00:18:25,283] INFO [Controller id=0] Deleting isr change notifications (kafka.controller.KafkaController)
[2023-01-14 00:18:25,287] INFO [Controller id=0] Initializing controller context (kafka.controller.KafkaController)
[2023-01-14 00:18:25,336] INFO [Controller id=0] Initialized broker epochs cache: HashMap(0 -> 257) (kafka.controller.KafkaController)
[2023-01-14 00:18:25,402] DEBUG [Controller id=0] Register BrokerModifications handler for Set(0) (kafka.controller.KafkaController)
[2023-01-14 00:18:25,430] DEBUG [Channel manager on controller 0]: Controller 0 trying to connect to broker 0 (kafka.controller.ControllerChannelManager)
[2023-01-14 00:18:25,492] INFO [RequestSendThread controllerId=0] Starting (kafka.controller.RequestSendThread)
[2023-01-14 00:18:25,514] INFO [Controller id=0] Currently active brokers in the cluster: Set(0) (kafka.controller.KafkaController)
[2023-01-14 00:18:25,519] INFO [Controller id=0] Currently shutting brokers in the cluster: HashSet() (kafka.controller.KafkaController)
[2023-01-14 00:18:25,523] INFO [Controller id=0] Current list of topics in the cluster: HashSet(server, client) (kafka.controller.KafkaController)
[2023-01-14 00:18:25,533] INFO [Controller id=0] Fetching topic deletions in progress (kafka.controller.KafkaController)
[2023-01-14 00:18:25,545] INFO [Controller id=0] List of topics to be deleted:  (kafka.controller.KafkaController)
[2023-01-14 00:18:25,548] INFO [Controller id=0] List of topics ineligible for deletion:  (kafka.controller.KafkaController)
[2023-01-14 00:18:25,549] INFO [Controller id=0] Initializing topic deletion manager (kafka.controller.KafkaController)
[2023-01-14 00:18:25,550] INFO [Topic Deletion Manager 0] Initializing manager with initial deletions: Set(), initial ineligible deletions: HashSet() (kafka.controller.TopicDeletionManager)
[2023-01-14 00:18:25,555] INFO [Controller id=0] Sending update metadata request (kafka.controller.KafkaController)
[2023-01-14 00:18:25,584] INFO [ReplicaStateMachine controllerId=0] Initializing replica state (kafka.controller.ZkReplicaStateMachine)
[2023-01-14 00:18:25,596] INFO [ReplicaStateMachine controllerId=0] Triggering online replica state changes (kafka.controller.ZkReplicaStateMachine)
[2023-01-14 00:18:25,608] INFO [RequestSendThread controllerId=0] Controller 0 connected to DESKTOP-GD1.:9092 (id: 0 rack: null) for sending state change requests (kafka.controller.RequestSendThread)
[2023-01-14 00:18:25,622] INFO [ReplicaStateMachine controllerId=0] Triggering offline replica state changes (kafka.controller.ZkReplicaStateMachine)
[2023-01-14 00:18:25,623] DEBUG [ReplicaStateMachine controllerId=0] Started replica state machine with initial state -> HashMap([Topic=server,Partition=0,Replica=0] -> OnlineReplica, [Topic=client,Partition=0,Replica=0] -> OnlineReplica) (kafka.controller.ZkReplicaStateMachine)
[2023-01-14 00:18:25,624] INFO [PartitionStateMachine controllerId=0] Initializing partition state (kafka.controller.ZkPartitionStateMachine)
[2023-01-14 00:18:25,632] INFO [PartitionStateMachine controllerId=0] Triggering online partition state changes (kafka.controller.ZkPartitionStateMachine)
[2023-01-14 00:18:25,636] DEBUG [PartitionStateMachine controllerId=0] Started partition state machine with initial state -> HashMap(server-0 -> OnlinePartition, client-0 -> OnlinePartition) (kafka.controller.ZkPartitionStateMachine)
[2023-01-14 00:18:25,637] INFO [Controller id=0] Ready to serve as the new controller with epoch 8 (kafka.controller.KafkaController)
[2023-01-14 00:18:25,643] INFO [Controller id=0] Partitions undergoing preferred replica election:  (kafka.controller.KafkaController)
[2023-01-14 00:18:25,644] INFO [Controller id=0] Partitions that completed preferred replica election:  (kafka.controller.KafkaController)
[2023-01-14 00:18:25,646] INFO [Controller id=0] Skipping preferred replica election for partitions due to topic deletion:  (kafka.controller.KafkaController)
[2023-01-14 00:18:25,647] INFO [Controller id=0] Resuming preferred replica election for partitions:  (kafka.controller.KafkaController)
[2023-01-14 00:18:25,650] INFO [Controller id=0] Starting replica leader election (PREFERRED) for partitions  triggered by ZkTriggered (kafka.controller.KafkaController)
[2023-01-14 00:18:25,691] INFO [Controller id=0] Starting the controller scheduler (kafka.controller.KafkaController)
[2023-01-14 00:18:30,694] INFO [Controller id=0] Processing automatic preferred replica leader election (kafka.controller.KafkaController)
[2023-01-14 00:18:30,695] TRACE [Controller id=0] Checking need to trigger auto leader balancing (kafka.controller.KafkaController)
[2023-01-14 00:18:30,698] DEBUG [Controller id=0] Topics not in preferred replica for broker 0 Map() (kafka.controller.KafkaController)
[2023-01-14 00:18:30,699] TRACE [Controller id=0] Leader imbalance ratio for broker 0 is 0.0 (kafka.controller.KafkaController)
[2023-01-14 00:20:57,410] INFO [Controller id=0] Shutting down broker 0 (kafka.controller.KafkaController)
[2023-01-14 00:20:57,413] DEBUG [Controller id=0] All shutting down brokers: 0 (kafka.controller.KafkaController)
[2023-01-14 00:20:57,416] DEBUG [Controller id=0] Live brokers:  (kafka.controller.KafkaController)
[2023-01-14 00:20:57,438] TRACE [Controller id=0] All leaders = server-0 -> (Leader:0,ISR:0,LeaderRecoveryState:RECOVERED,LeaderEpoch:0,ZkVersion:0,ControllerEpoch:1),client-0 -> (Leader:0,ISR:0,LeaderRecoveryState:RECOVERED,LeaderEpoch:0,ZkVersion:0,ControllerEpoch:5) (kafka.controller.KafkaController)
[2023-01-14 00:20:57,717] INFO [ControllerEventThread controllerId=0] Shutting down (kafka.controller.ControllerEventManager$ControllerEventThread)
[2023-01-14 00:20:57,719] INFO [ControllerEventThread controllerId=0] Shutdown completed (kafka.controller.ControllerEventManager$ControllerEventThread)
[2023-01-14 00:20:57,719] INFO [ControllerEventThread controllerId=0] Stopped (kafka.controller.ControllerEventManager$ControllerEventThread)
[2023-01-14 00:20:57,720] DEBUG [Controller id=0] Resigning (kafka.controller.KafkaController)
[2023-01-14 00:20:57,722] DEBUG [Controller id=0] Unregister BrokerModifications handler for Set(0) (kafka.controller.KafkaController)
[2023-01-14 00:20:57,725] INFO [PartitionStateMachine controllerId=0] Stopped partition state machine (kafka.controller.ZkPartitionStateMachine)
[2023-01-14 00:20:57,727] INFO [ReplicaStateMachine controllerId=0] Stopped replica state machine (kafka.controller.ZkReplicaStateMachine)
[2023-01-14 00:20:57,730] INFO [RequestSendThread controllerId=0] Shutting down (kafka.controller.RequestSendThread)
[2023-01-14 00:20:57,731] INFO [RequestSendThread controllerId=0] Shutdown completed (kafka.controller.RequestSendThread)
[2023-01-14 00:20:57,730] INFO [RequestSendThread controllerId=0] Stopped (kafka.controller.RequestSendThread)
[2023-01-14 00:20:57,738] INFO [Controller id=0] Resigned (kafka.controller.KafkaController)
[2023-01-14 00:23:49,843] INFO [ControllerEventThread controllerId=0] Starting (kafka.controller.ControllerEventManager$ControllerEventThread)
[2023-01-14 00:23:49,900] INFO [Controller id=0] 0 successfully elected as the controller. Epoch incremented to 9 and epoch zk version is now 9 (kafka.controller.KafkaController)
[2023-01-14 00:23:49,903] INFO [Controller id=0] Registering handlers (kafka.controller.KafkaController)
[2023-01-14 00:23:49,907] INFO [Controller id=0] Deleting log dir event notifications (kafka.controller.KafkaController)
[2023-01-14 00:23:49,910] INFO [Controller id=0] Deleting isr change notifications (kafka.controller.KafkaController)
[2023-01-14 00:23:49,914] INFO [Controller id=0] Initializing controller context (kafka.controller.KafkaController)
[2023-01-14 00:23:49,949] INFO [Controller id=0] Initialized broker epochs cache: HashMap(0 -> 276) (kafka.controller.KafkaController)
[2023-01-14 00:23:49,970] DEBUG [Controller id=0] Register BrokerModifications handler for Set(0) (kafka.controller.KafkaController)
[2023-01-14 00:23:49,988] DEBUG [Channel manager on controller 0]: Controller 0 trying to connect to broker 0 (kafka.controller.ControllerChannelManager)
[2023-01-14 00:23:50,018] INFO [RequestSendThread controllerId=0] Starting (kafka.controller.RequestSendThread)
[2023-01-14 00:23:50,027] INFO [Controller id=0] Currently active brokers in the cluster: Set(0) (kafka.controller.KafkaController)
[2023-01-14 00:23:50,028] INFO [Controller id=0] Currently shutting brokers in the cluster: HashSet() (kafka.controller.KafkaController)
[2023-01-14 00:23:50,029] INFO [Controller id=0] Current list of topics in the cluster: HashSet(server, client) (kafka.controller.KafkaController)
[2023-01-14 00:23:50,029] INFO [Controller id=0] Fetching topic deletions in progress (kafka.controller.KafkaController)
[2023-01-14 00:23:50,034] INFO [Controller id=0] List of topics to be deleted:  (kafka.controller.KafkaController)
[2023-01-14 00:23:50,035] INFO [Controller id=0] List of topics ineligible for deletion:  (kafka.controller.KafkaController)
[2023-01-14 00:23:50,035] INFO [Controller id=0] Initializing topic deletion manager (kafka.controller.KafkaController)
[2023-01-14 00:23:50,036] INFO [Topic Deletion Manager 0] Initializing manager with initial deletions: Set(), initial ineligible deletions: HashSet() (kafka.controller.TopicDeletionManager)
[2023-01-14 00:23:50,039] INFO [Controller id=0] Sending update metadata request (kafka.controller.KafkaController)
[2023-01-14 00:23:50,053] INFO [ReplicaStateMachine controllerId=0] Initializing replica state (kafka.controller.ZkReplicaStateMachine)
[2023-01-14 00:23:50,061] INFO [ReplicaStateMachine controllerId=0] Triggering online replica state changes (kafka.controller.ZkReplicaStateMachine)
[2023-01-14 00:23:50,075] INFO [RequestSendThread controllerId=0] Controller 0 connected to DESKTOP-GD1.:9092 (id: 0 rack: null) for sending state change requests (kafka.controller.RequestSendThread)
[2023-01-14 00:23:50,082] INFO [ReplicaStateMachine controllerId=0] Triggering offline replica state changes (kafka.controller.ZkReplicaStateMachine)
[2023-01-14 00:23:50,082] DEBUG [ReplicaStateMachine controllerId=0] Started replica state machine with initial state -> HashMap([Topic=server,Partition=0,Replica=0] -> OnlineReplica, [Topic=client,Partition=0,Replica=0] -> OnlineReplica) (kafka.controller.ZkReplicaStateMachine)
[2023-01-14 00:23:50,083] INFO [PartitionStateMachine controllerId=0] Initializing partition state (kafka.controller.ZkPartitionStateMachine)
[2023-01-14 00:23:50,091] INFO [PartitionStateMachine controllerId=0] Triggering online partition state changes (kafka.controller.ZkPartitionStateMachine)
[2023-01-14 00:23:50,095] DEBUG [PartitionStateMachine controllerId=0] Started partition state machine with initial state -> HashMap(server-0 -> OnlinePartition, client-0 -> OnlinePartition) (kafka.controller.ZkPartitionStateMachine)
[2023-01-14 00:23:50,096] INFO [Controller id=0] Ready to serve as the new controller with epoch 9 (kafka.controller.KafkaController)
[2023-01-14 00:23:50,102] INFO [Controller id=0] Partitions undergoing preferred replica election:  (kafka.controller.KafkaController)
[2023-01-14 00:23:50,102] INFO [Controller id=0] Partitions that completed preferred replica election:  (kafka.controller.KafkaController)
[2023-01-14 00:23:50,103] INFO [Controller id=0] Skipping preferred replica election for partitions due to topic deletion:  (kafka.controller.KafkaController)
[2023-01-14 00:23:50,104] INFO [Controller id=0] Resuming preferred replica election for partitions:  (kafka.controller.KafkaController)
[2023-01-14 00:23:50,107] INFO [Controller id=0] Starting replica leader election (PREFERRED) for partitions  triggered by ZkTriggered (kafka.controller.KafkaController)
[2023-01-14 00:23:50,133] INFO [Controller id=0] Starting the controller scheduler (kafka.controller.KafkaController)
[2023-01-14 00:23:55,135] INFO [Controller id=0] Processing automatic preferred replica leader election (kafka.controller.KafkaController)
[2023-01-14 00:23:55,136] TRACE [Controller id=0] Checking need to trigger auto leader balancing (kafka.controller.KafkaController)
[2023-01-14 00:23:55,138] DEBUG [Controller id=0] Topics not in preferred replica for broker 0 Map() (kafka.controller.KafkaController)
[2023-01-14 00:23:55,139] TRACE [Controller id=0] Leader imbalance ratio for broker 0 is 0.0 (kafka.controller.KafkaController)
[2023-01-14 00:27:03,086] INFO [Controller id=0] Shutting down broker 0 (kafka.controller.KafkaController)
[2023-01-14 00:27:03,088] DEBUG [Controller id=0] All shutting down brokers: 0 (kafka.controller.KafkaController)
[2023-01-14 00:27:03,090] DEBUG [Controller id=0] Live brokers:  (kafka.controller.KafkaController)
[2023-01-14 00:27:03,108] TRACE [Controller id=0] All leaders = server-0 -> (Leader:0,ISR:0,LeaderRecoveryState:RECOVERED,LeaderEpoch:0,ZkVersion:0,ControllerEpoch:1),client-0 -> (Leader:0,ISR:0,LeaderRecoveryState:RECOVERED,LeaderEpoch:0,ZkVersion:0,ControllerEpoch:5) (kafka.controller.KafkaController)
[2023-01-14 00:27:03,555] INFO [ControllerEventThread controllerId=0] Shutting down (kafka.controller.ControllerEventManager$ControllerEventThread)
[2023-01-14 00:27:03,556] INFO [ControllerEventThread controllerId=0] Shutdown completed (kafka.controller.ControllerEventManager$ControllerEventThread)
[2023-01-14 00:27:03,556] INFO [ControllerEventThread controllerId=0] Stopped (kafka.controller.ControllerEventManager$ControllerEventThread)
[2023-01-14 00:27:03,557] DEBUG [Controller id=0] Resigning (kafka.controller.KafkaController)
[2023-01-14 00:27:03,559] DEBUG [Controller id=0] Unregister BrokerModifications handler for Set(0) (kafka.controller.KafkaController)
[2023-01-14 00:27:03,561] INFO [PartitionStateMachine controllerId=0] Stopped partition state machine (kafka.controller.ZkPartitionStateMachine)
[2023-01-14 00:27:03,564] INFO [ReplicaStateMachine controllerId=0] Stopped replica state machine (kafka.controller.ZkReplicaStateMachine)
[2023-01-14 00:27:03,566] INFO [RequestSendThread controllerId=0] Shutting down (kafka.controller.RequestSendThread)
[2023-01-14 00:27:03,567] INFO [RequestSendThread controllerId=0] Shutdown completed (kafka.controller.RequestSendThread)
[2023-01-14 00:27:03,567] INFO [RequestSendThread controllerId=0] Stopped (kafka.controller.RequestSendThread)
[2023-01-14 00:27:03,570] INFO [Controller id=0] Resigned (kafka.controller.KafkaController)
