[2023-01-14 00:05:41,430] INFO [Controller id=0 epoch=7] Sending UpdateMetadata request to brokers HashSet() for 0 partitions (state.change.logger)
[2023-01-14 00:18:25,565] INFO [Controller id=0 epoch=8] Sending UpdateMetadata request to brokers HashSet(0) for 0 partitions (state.change.logger)
[2023-01-14 00:18:25,617] INFO [Controller id=0 epoch=8] Sending LeaderAndIsr request to broker 0 with 2 become-leader and 0 become-follower partitions (state.change.logger)
[2023-01-14 00:18:25,621] INFO [Controller id=0 epoch=8] Sending UpdateMetadata request to brokers HashSet(0) for 2 partitions (state.change.logger)
[2023-01-14 00:18:25,848] INFO [Broker id=0] Handling LeaderAndIsr request correlationId 1 from controller 0 for 2 partitions (state.change.logger)
[2023-01-14 00:18:25,910] INFO [Broker id=0] Stopped fetchers as part of LeaderAndIsr request correlationId 1 from controller 0 epoch 8 as part of the become-leader transition for 2 partitions (state.change.logger)
[2023-01-14 00:18:25,932] INFO [Broker id=0] Leader server-0 with topic id Some(KGWeIghQS2aoGWVNqWq8wg) starts at leader epoch 0 from offset 59 with partition epoch 0, high watermark 59, ISR [0], adding replicas [] and removing replicas []. Previous leader epoch was -1. (state.change.logger)
[2023-01-14 00:18:25,940] INFO [Broker id=0] Leader client-0 with topic id Some(TSNMgKarS3SRXx7gsKgoxQ) starts at leader epoch 0 from offset 39 with partition epoch 0, high watermark 39, ISR [0], adding replicas [] and removing replicas []. Previous leader epoch was -1. (state.change.logger)
[2023-01-14 00:18:25,961] INFO [Broker id=0] Finished LeaderAndIsr request in 113ms correlationId 1 from controller 0 for 2 partitions (state.change.logger)
[2023-01-14 00:18:25,977] INFO [Broker id=0] Add 2 partitions and deleted 0 partitions from metadata cache in response to UpdateMetadata request sent by controller 0 epoch 8 with correlation id 2 (state.change.logger)
[2023-01-14 00:20:57,432] INFO [Controller id=0 epoch=8] Sending UpdateMetadata request to brokers HashSet() for 0 partitions (state.change.logger)
[2023-01-14 00:23:50,043] INFO [Controller id=0 epoch=9] Sending UpdateMetadata request to brokers HashSet(0) for 0 partitions (state.change.logger)
[2023-01-14 00:23:50,076] INFO [Controller id=0 epoch=9] Sending LeaderAndIsr request to broker 0 with 2 become-leader and 0 become-follower partitions (state.change.logger)
[2023-01-14 00:23:50,081] INFO [Controller id=0 epoch=9] Sending UpdateMetadata request to brokers HashSet(0) for 2 partitions (state.change.logger)
[2023-01-14 00:23:50,262] INFO [Broker id=0] Handling LeaderAndIsr request correlationId 1 from controller 0 for 2 partitions (state.change.logger)
[2023-01-14 00:23:50,299] INFO [Broker id=0] Stopped fetchers as part of LeaderAndIsr request correlationId 1 from controller 0 epoch 9 as part of the become-leader transition for 2 partitions (state.change.logger)
[2023-01-14 00:23:50,311] INFO [Broker id=0] Leader server-0 with topic id Some(KGWeIghQS2aoGWVNqWq8wg) starts at leader epoch 0 from offset 60 with partition epoch 0, high watermark 60, ISR [0], adding replicas [] and removing replicas []. Previous leader epoch was -1. (state.change.logger)
[2023-01-14 00:23:50,315] INFO [Broker id=0] Leader client-0 with topic id Some(TSNMgKarS3SRXx7gsKgoxQ) starts at leader epoch 0 from offset 40 with partition epoch 0, high watermark 40, ISR [0], adding replicas [] and removing replicas []. Previous leader epoch was -1. (state.change.logger)
[2023-01-14 00:23:50,325] INFO [Broker id=0] Finished LeaderAndIsr request in 63ms correlationId 1 from controller 0 for 2 partitions (state.change.logger)
[2023-01-14 00:23:50,334] INFO [Broker id=0] Add 2 partitions and deleted 0 partitions from metadata cache in response to UpdateMetadata request sent by controller 0 epoch 9 with correlation id 2 (state.change.logger)
[2023-01-14 00:27:03,101] INFO [Controller id=0 epoch=9] Sending UpdateMetadata request to brokers HashSet() for 0 partitions (state.change.logger)
